<?xml version="1.0" encoding="UTF-8"?>
<coverage generated="1748534928653" clover="3.2.0">
  <project timestamp="1748534928653" name="All files">
    <metrics statements="102" coveredstatements="102" conditionals="23" coveredconditionals="19" methods="25" coveredmethods="25" elements="150" coveredelements="146" complexity="0" loc="102" ncloc="102" packages="1" files="2" classes="2"/>
    <file name="extensionsManager.ts" path="C:\Users\LENOVO\Desktop\MY PROJECTS\AMALITECH\Projects\build tools project\src\extensionsManager.ts">
      <metrics statements="57" coveredstatements="57" conditionals="13" coveredconditionals="10" methods="17" coveredmethods="17"/>
      <line num="1" count="1" type="stmt"/>
      <line num="3" count="1" type="stmt"/>
      <line num="5" count="1" type="stmt"/>
      <line num="6" count="11" type="stmt"/>
      <line num="7" count="11" type="stmt"/>
      <line num="10" count="11" type="stmt"/>
      <line num="13" count="11" type="stmt"/>
      <line num="16" count="11" type="stmt"/>
      <line num="19" count="11" type="stmt"/>
      <line num="24" count="11" type="stmt"/>
      <line num="25" count="11" type="stmt"/>
      <line num="26" count="11" type="stmt"/>
      <line num="30" count="11" type="stmt"/>
      <line num="31" count="2" type="stmt"/>
      <line num="32" count="2" type="stmt"/>
      <line num="33" count="2" type="stmt"/>
      <line num="34" count="2" type="stmt"/>
      <line num="36" count="11" type="stmt"/>
      <line num="37" count="5" type="stmt"/>
      <line num="38" count="5" type="stmt"/>
      <line num="39" count="5" type="stmt"/>
      <line num="40" count="5" type="stmt"/>
      <line num="42" count="11" type="stmt"/>
      <line num="43" count="2" type="stmt"/>
      <line num="44" count="2" type="stmt"/>
      <line num="45" count="2" type="stmt"/>
      <line num="46" count="2" type="stmt"/>
      <line num="51" count="11" type="stmt"/>
      <line num="52" count="2" type="stmt"/>
      <line num="53" count="2" type="stmt"/>
      <line num="58" count="3" type="cond" truecount="0" falsecount="1"/>
      <line num="59" count="3" type="cond" truecount="0" falsecount="1"/>
      <line num="60" count="3" type="stmt"/>
      <line num="67" count="23" type="stmt"/>
      <line num="68" count="23" type="cond" truecount="2" falsecount="0"/>
      <line num="69" count="5" type="stmt"/>
      <line num="70" count="18" type="cond" truecount="1" falsecount="0"/>
      <line num="71" count="2" type="stmt"/>
      <line num="74" count="23" type="cond" truecount="1" falsecount="0"/>
      <line num="75" count="2" type="stmt"/>
      <line num="78" count="16" type="cond" truecount="2" falsecount="0"/>
      <line num="83" count="23" type="stmt"/>
      <line num="84" count="23" type="stmt"/>
      <line num="86" count="152" type="stmt"/>
      <line num="112" count="23" type="stmt"/>
      <line num="113" count="23" type="stmt"/>
      <line num="117" count="23" type="stmt"/>
      <line num="118" count="23" type="stmt"/>
      <line num="119" count="152" type="stmt"/>
      <line num="120" count="1" type="stmt"/>
      <line num="121" count="1" type="stmt"/>
      <line num="127" count="23" type="stmt"/>
      <line num="130" count="23" type="stmt"/>
      <line num="131" count="152" type="stmt"/>
      <line num="132" count="1" type="stmt"/>
      <line num="135" count="1" type="stmt"/>
      <line num="136" count="1" type="stmt"/>
    </file>
    <file name="themeManager.ts" path="C:\Users\LENOVO\Desktop\MY PROJECTS\AMALITECH\Projects\build tools project\src\themeManager.ts">
      <metrics statements="45" coveredstatements="45" conditionals="10" coveredconditionals="9" methods="8" coveredmethods="8"/>
      <line num="1" count="1" type="stmt"/>
      <line num="2" count="8" type="stmt"/>
      <line num="3" count="8" type="stmt"/>
      <line num="4" count="8" type="stmt"/>
      <line num="7" count="8" type="stmt"/>
      <line num="10" count="8" type="stmt"/>
      <line num="13" count="8" type="stmt"/>
      <line num="14" count="8" type="stmt"/>
      <line num="17" count="8" type="stmt"/>
      <line num="21" count="8" type="stmt"/>
      <line num="22" count="8" type="stmt"/>
      <line num="23" count="8" type="stmt"/>
      <line num="24" count="8" type="stmt"/>
      <line num="29" count="8" type="cond" truecount="2" falsecount="0"/>
      <line num="33" count="8" type="cond" truecount="2" falsecount="0"/>
      <line num="34" count="1" type="stmt"/>
      <line num="36" count="7" type="stmt"/>
      <line num="41" count="2" type="cond" truecount="2" falsecount="0"/>
      <line num="42" count="1" type="stmt"/>
      <line num="44" count="1" type="stmt"/>
      <line num="49" count="2" type="stmt"/>
      <line num="50" count="2" type="stmt"/>
      <line num="51" count="2" type="stmt"/>
      <line num="52" count="2" type="stmt"/>
      <line num="53" count="2" type="stmt"/>
      <line num="54" count="2" type="stmt"/>
      <line num="55" count="2" type="stmt"/>
      <line num="56" count="2" type="stmt"/>
      <line num="57" count="2" type="stmt"/>
      <line num="58" count="6" type="stmt"/>
      <line num="63" count="2" type="stmt"/>
      <line num="67" count="8" type="stmt"/>
      <line num="68" count="8" type="stmt"/>
      <line num="69" count="8" type="stmt"/>
      <line num="70" count="8" type="stmt"/>
      <line num="71" count="8" type="stmt"/>
      <line num="72" count="8" type="stmt"/>
      <line num="73" count="8" type="stmt"/>
      <line num="74" count="8" type="stmt"/>
      <line num="75" count="8" type="stmt"/>
      <line num="76" count="24" type="stmt"/>
      <line num="78" count="8" type="stmt"/>
      <line num="82" count="31" type="cond" truecount="2" falsecount="0"/>
      <line num="83" count="16" type="stmt"/>
      <line num="85" count="15" type="stmt"/>
    </file>
  </project>
</coverage>
