{"C:\\Users\\LENOVO\\Desktop\\MY PROJECTS\\AMALITECH\\Projects\\build tools project\\src\\extensionsManager.ts": {"path":"C:\\Users\\LENOVO\\Desktop\\MY PROJECTS\\AMALITECH\\Projects\\build tools project\\src\\extensionsManager.ts","statementMap":{"0":{"start":{"line":1,"column":0},"end":{"line":1,"column":23}},"1":{"start":{"line":3,"column":0},"end":{"line":3,"column":41}},"2":{"start":{"line":6,"column":10},"end":{"line":6,"column":41}},"3":{"start":{"line":7,"column":10},"end":{"line":9,"column":19}},"4":{"start":{"line":10,"column":10},"end":{"line":12,"column":25}},"5":{"start":{"line":13,"column":10},"end":{"line":15,"column":25}},"6":{"start":{"line":16,"column":10},"end":{"line":18,"column":25}},"7":{"start":{"line":19,"column":10},"end":{"line":21,"column":24}},"8":{"start":{"line":24,"column":4},"end":{"line":24,"column":29}},"9":{"start":{"line":25,"column":4},"end":{"line":25,"column":28}},"10":{"start":{"line":26,"column":4},"end":{"line":26,"column":28}},"11":{"start":{"line":30,"column":4},"end":{"line":35,"column":7}},"12":{"start":{"line":31,"column":6},"end":{"line":31,"column":45}},"13":{"start":{"line":32,"column":6},"end":{"line":32,"column":51}},"14":{"start":{"line":33,"column":6},"end":{"line":33,"column":53}},"15":{"start":{"line":34,"column":6},"end":{"line":34,"column":30}},"16":{"start":{"line":36,"column":4},"end":{"line":41,"column":7}},"17":{"start":{"line":37,"column":6},"end":{"line":37,"column":48}},"18":{"start":{"line":38,"column":6},"end":{"line":38,"column":48}},"19":{"start":{"line":39,"column":6},"end":{"line":39,"column":53}},"20":{"start":{"line":40,"column":6},"end":{"line":40,"column":33}},"21":{"start":{"line":42,"column":4},"end":{"line":47,"column":7}},"22":{"start":{"line":43,"column":6},"end":{"line":43,"column":50}},"23":{"start":{"line":44,"column":6},"end":{"line":44,"column":48}},"24":{"start":{"line":45,"column":6},"end":{"line":45,"column":51}},"25":{"start":{"line":46,"column":6},"end":{"line":46,"column":35}},"26":{"start":{"line":51,"column":4},"end":{"line":54,"column":7}},"27":{"start":{"line":52,"column":21},"end":{"line":52,"column":70}},"28":{"start":{"line":53,"column":6},"end":{"line":53,"column":54}},"29":{"start":{"line":58,"column":4},"end":{"line":58,"column":72}},"30":{"start":{"line":58,"column":56},"end":{"line":58,"column":72}},"31":{"start":{"line":59,"column":4},"end":{"line":59,"column":76}},"32":{"start":{"line":59,"column":58},"end":{"line":59,"column":76}},"33":{"start":{"line":60,"column":4},"end":{"line":60,"column":17}},"34":{"start":{"line":67,"column":24},"end":{"line":67,"column":34}},"35":{"start":{"line":68,"column":4},"end":{"line":72,"column":5}},"36":{"start":{"line":69,"column":6},"end":{"line":69,"column":61}},"37":{"start":{"line":70,"column":11},"end":{"line":72,"column":5}},"38":{"start":{"line":71,"column":6},"end":{"line":71,"column":62}},"39":{"start":{"line":74,"column":4},"end":{"line":81,"column":5}},"40":{"start":{"line":75,"column":6},"end":{"line":80,"column":8}},"41":{"start":{"line":78,"column":10},"end":{"line":79,"column":62}},"42":{"start":{"line":83,"column":24},"end":{"line":83,"column":67}},"43":{"start":{"line":84,"column":4},"end":{"line":110,"column":16}},"44":{"start":{"line":86,"column":18},"end":{"line":108,"column":null}},"45":{"start":{"line":112,"column":4},"end":{"line":112,"column":33}},"46":{"start":{"line":113,"column":4},"end":{"line":113,"column":33}},"47":{"start":{"line":117,"column":28},"end":{"line":117,"column":77}},"48":{"start":{"line":118,"column":4},"end":{"line":123,"column":7}},"49":{"start":{"line":119,"column":6},"end":{"line":122,"column":9}},"50":{"start":{"line":120,"column":8},"end":{"line":120,"column":27}},"51":{"start":{"line":121,"column":8},"end":{"line":121,"column":63}},"52":{"start":{"line":127,"column":25},"end":{"line":128,"column":null}},"53":{"start":{"line":130,"column":4},"end":{"line":141,"column":7}},"54":{"start":{"line":131,"column":6},"end":{"line":140,"column":9}},"55":{"start":{"line":132,"column":22},"end":{"line":133,"column":null}},"56":{"start":{"line":135,"column":8},"end":{"line":135,"column":74}},"57":{"start":{"line":136,"column":8},"end":{"line":139,"column":10}},"58":{"start":{"line":5,"column":0},"end":{"line":5,"column":13}}},"fnMap":{"0":{"name":"(anonymous_1)","decl":{"start":{"line":23,"column":2},"end":{"line":23,"column":null}},"loc":{"start":{"line":23,"column":2},"end":{"line":27,"column":3}}},"1":{"name":"(anonymous_2)","decl":{"start":{"line":29,"column":10},"end":{"line":29,"column":27}},"loc":{"start":{"line":29,"column":27},"end":{"line":48,"column":3}}},"2":{"name":"(anonymous_3)","decl":{"start":{"line":30,"column":45},"end":{"line":30,"column":48}},"loc":{"start":{"line":30,"column":50},"end":{"line":35,"column":5}}},"3":{"name":"(anonymous_4)","decl":{"start":{"line":36,"column":48},"end":{"line":36,"column":51}},"loc":{"start":{"line":36,"column":53},"end":{"line":41,"column":5}}},"4":{"name":"(anonymous_5)","decl":{"start":{"line":42,"column":50},"end":{"line":42,"column":53}},"loc":{"start":{"line":42,"column":55},"end":{"line":47,"column":5}}},"5":{"name":"(anonymous_6)","decl":{"start":{"line":50,"column":10},"end":{"line":50,"column":26}},"loc":{"start":{"line":50,"column":26},"end":{"line":55,"column":3}}},"6":{"name":"(anonymous_7)","decl":{"start":{"line":51,"column":45},"end":{"line":51,"column":46}},"loc":{"start":{"line":51,"column":58},"end":{"line":54,"column":5}}},"7":{"name":"(anonymous_8)","decl":{"start":{"line":57,"column":10},"end":{"line":57,"column":25}},"loc":{"start":{"line":57,"column":25},"end":{"line":61,"column":3}}},"8":{"name":"(anonymous_9)","decl":{"start":{"line":63,"column":10},"end":{"line":63,"column":21}},"loc":{"start":{"line":65,"column":28},"end":{"line":114,"column":3}}},"9":{"name":"(anonymous_10)","decl":{"start":{"line":77,"column":8},"end":{"line":77,"column":9}},"loc":{"start":{"line":78,"column":10},"end":{"line":79,"column":62}}},"10":{"name":"(anonymous_11)","decl":{"start":{"line":86,"column":8},"end":{"line":86,"column":9}},"loc":{"start":{"line":86,"column":18},"end":{"line":108,"column":null}}},"11":{"name":"(anonymous_12)","decl":{"start":{"line":116,"column":10},"end":{"line":116,"column":31}},"loc":{"start":{"line":116,"column":31},"end":{"line":124,"column":3}}},"12":{"name":"(anonymous_13)","decl":{"start":{"line":118,"column":28},"end":{"line":118,"column":29}},"loc":{"start":{"line":118,"column":36},"end":{"line":123,"column":5}}},"13":{"name":"(anonymous_14)","decl":{"start":{"line":119,"column":36},"end":{"line":119,"column":37}},"loc":{"start":{"line":119,"column":49},"end":{"line":122,"column":7}}},"14":{"name":"(anonymous_15)","decl":{"start":{"line":126,"column":10},"end":{"line":126,"column":31}},"loc":{"start":{"line":126,"column":31},"end":{"line":142,"column":3}}},"15":{"name":"(anonymous_16)","decl":{"start":{"line":130,"column":25},"end":{"line":130,"column":26}},"loc":{"start":{"line":130,"column":35},"end":{"line":141,"column":5}}},"16":{"name":"(anonymous_17)","decl":{"start":{"line":131,"column":39},"end":{"line":131,"column":40}},"loc":{"start":{"line":131,"column":52},"end":{"line":140,"column":7}}}},"branchMap":{"0":{"loc":{"start":{"line":58,"column":4},"end":{"line":58,"column":72}},"type":"if","locations":[{"start":{"line":58,"column":4},"end":{"line":58,"column":72}}]},"1":{"loc":{"start":{"line":59,"column":4},"end":{"line":59,"column":76}},"type":"if","locations":[{"start":{"line":59,"column":4},"end":{"line":59,"column":76}}]},"2":{"loc":{"start":{"line":65,"column":4},"end":{"line":65,"column":28}},"type":"default-arg","locations":[{"start":{"line":65,"column":26},"end":{"line":65,"column":28}}]},"3":{"loc":{"start":{"line":68,"column":4},"end":{"line":72,"column":5}},"type":"if","locations":[{"start":{"line":68,"column":4},"end":{"line":72,"column":5}},{"start":{"line":70,"column":11},"end":{"line":72,"column":5}}]},"4":{"loc":{"start":{"line":70,"column":11},"end":{"line":72,"column":5}},"type":"if","locations":[{"start":{"line":70,"column":11},"end":{"line":72,"column":5}}]},"5":{"loc":{"start":{"line":74,"column":4},"end":{"line":81,"column":5}},"type":"if","locations":[{"start":{"line":74,"column":4},"end":{"line":81,"column":5}}]},"6":{"loc":{"start":{"line":78,"column":10},"end":{"line":79,"column":62}},"type":"binary-expr","locations":[{"start":{"line":78,"column":10},"end":{"line":78,"column":55}},{"start":{"line":79,"column":10},"end":{"line":79,"column":62}}]},"7":{"loc":{"start":{"line":103,"column":41},"end":{"line":103,"column":69}},"type":"cond-expr","locations":[{"start":{"line":103,"column":55},"end":{"line":103,"column":64}},{"start":{"line":103,"column":67},"end":{"line":103,"column":69}}]},"8":{"loc":{"start":{"line":133,"column":11},"end":{"line":133,"column":61}},"type":"binary-expr","locations":[{"start":{"line":133,"column":11},"end":{"line":133,"column":54}},{"start":{"line":133,"column":58},"end":{"line":133,"column":61}}]}},"s":{"0":1,"1":1,"2":11,"3":11,"4":11,"5":11,"6":11,"7":11,"8":11,"9":11,"10":11,"11":11,"12":2,"13":2,"14":2,"15":2,"16":11,"17":5,"18":5,"19":5,"20":5,"21":11,"22":2,"23":2,"24":2,"25":2,"26":11,"27":2,"28":2,"29":3,"30":0,"31":3,"32":0,"33":3,"34":23,"35":23,"36":5,"37":18,"38":2,"39":23,"40":2,"41":16,"42":23,"43":23,"44":152,"45":23,"46":23,"47":23,"48":23,"49":152,"50":1,"51":1,"52":23,"53":23,"54":152,"55":1,"56":1,"57":1,"58":1},"f":{"0":11,"1":11,"2":2,"3":5,"4":2,"5":11,"6":2,"7":3,"8":23,"9":16,"10":152,"11":23,"12":152,"13":1,"14":23,"15":152,"16":1},"b":{"0":[0],"1":[0],"2":[20],"3":[5,18],"4":[2],"5":[2],"6":[16,15],"7":[151,1],"8":[1,0]}}
,"C:\\Users\\LENOVO\\Desktop\\MY PROJECTS\\AMALITECH\\Projects\\build tools project\\src\\themeManager.ts": {"path":"C:\\Users\\LENOVO\\Desktop\\MY PROJECTS\\AMALITECH\\Projects\\build tools project\\src\\themeManager.ts","statementMap":{"0":{"start":{"line":2,"column":10},"end":{"line":2,"column":44}},"1":{"start":{"line":3,"column":10},"end":{"line":3,"column":80}},"2":{"start":{"line":4,"column":10},"end":{"line":6,"column":19}},"3":{"start":{"line":7,"column":10},"end":{"line":9,"column":19}},"4":{"start":{"line":10,"column":10},"end":{"line":12,"column":19}},"5":{"start":{"line":13,"column":10},"end":{"line":13,"column":77}},"6":{"start":{"line":14,"column":10},"end":{"line":16,"column":24}},"7":{"start":{"line":17,"column":10},"end":{"line":18,"column":38}},"8":{"start":{"line":21,"column":4},"end":{"line":21,"column":27}},"9":{"start":{"line":22,"column":4},"end":{"line":22,"column":76}},"10":{"start":{"line":23,"column":4},"end":{"line":23,"column":24}},"11":{"start":{"line":24,"column":4},"end":{"line":24,"column":68}},"12":{"start":{"line":29,"column":6},"end":{"line":32,"column":18}},"13":{"start":{"line":33,"column":4},"end":{"line":37,"column":5}},"14":{"start":{"line":34,"column":6},"end":{"line":34,"column":27}},"15":{"start":{"line":36,"column":6},"end":{"line":36,"column":26}},"16":{"start":{"line":41,"column":4},"end":{"line":45,"column":5}},"17":{"start":{"line":42,"column":6},"end":{"line":42,"column":26}},"18":{"start":{"line":44,"column":6},"end":{"line":44,"column":27}},"19":{"start":{"line":49,"column":4},"end":{"line":49,"column":38}},"20":{"start":{"line":50,"column":4},"end":{"line":50,"column":42}},"21":{"start":{"line":51,"column":4},"end":{"line":51,"column":40}},"22":{"start":{"line":52,"column":4},"end":{"line":52,"column":45}},"23":{"start":{"line":53,"column":4},"end":{"line":53,"column":45}},"24":{"start":{"line":54,"column":4},"end":{"line":54,"column":48}},"25":{"start":{"line":55,"column":4},"end":{"line":55,"column":38}},"26":{"start":{"line":56,"column":4},"end":{"line":56,"column":43}},"27":{"start":{"line":57,"column":4},"end":{"line":59,"column":7}},"28":{"start":{"line":58,"column":6},"end":{"line":58,"column":37}},"29":{"start":{"line":63,"column":4},"end":{"line":63,"column":43}},"30":{"start":{"line":67,"column":4},"end":{"line":67,"column":37}},"31":{"start":{"line":68,"column":4},"end":{"line":68,"column":42}},"32":{"start":{"line":69,"column":4},"end":{"line":69,"column":40}},"33":{"start":{"line":70,"column":4},"end":{"line":70,"column":44}},"34":{"start":{"line":71,"column":4},"end":{"line":71,"column":45}},"35":{"start":{"line":72,"column":4},"end":{"line":72,"column":48}},"36":{"start":{"line":73,"column":4},"end":{"line":73,"column":38}},"37":{"start":{"line":74,"column":4},"end":{"line":74,"column":42}},"38":{"start":{"line":75,"column":4},"end":{"line":77,"column":7}},"39":{"start":{"line":76,"column":6},"end":{"line":76,"column":36}},"40":{"start":{"line":78,"column":4},"end":{"line":78,"column":42}},"41":{"start":{"line":82,"column":4},"end":{"line":86,"column":5}},"42":{"start":{"line":83,"column":6},"end":{"line":83,"column":44}},"43":{"start":{"line":85,"column":6},"end":{"line":85,"column":47}},"44":{"start":{"line":1,"column":0},"end":{"line":1,"column":13}}},"fnMap":{"0":{"name":"(anonymous_0)","decl":{"start":{"line":20,"column":2},"end":{"line":20,"column":null}},"loc":{"start":{"line":20,"column":2},"end":{"line":25,"column":3}}},"1":{"name":"(anonymous_1)","decl":{"start":{"line":27,"column":10},"end":{"line":27,"column":25}},"loc":{"start":{"line":27,"column":25},"end":{"line":38,"column":3}}},"2":{"name":"(anonymous_2)","decl":{"start":{"line":40,"column":10},"end":{"line":40,"column":21}},"loc":{"start":{"line":40,"column":21},"end":{"line":46,"column":3}}},"3":{"name":"(anonymous_3)","decl":{"start":{"line":48,"column":10},"end":{"line":48,"column":23}},"loc":{"start":{"line":48,"column":23},"end":{"line":64,"column":3}}},"4":{"name":"(anonymous_4)","decl":{"start":{"line":57,"column":28},"end":{"line":57,"column":29}},"loc":{"start":{"line":57,"column":39},"end":{"line":59,"column":5}}},"5":{"name":"(anonymous_5)","decl":{"start":{"line":66,"column":10},"end":{"line":66,"column":22}},"loc":{"start":{"line":66,"column":22},"end":{"line":79,"column":3}}},"6":{"name":"(anonymous_6)","decl":{"start":{"line":75,"column":28},"end":{"line":75,"column":29}},"loc":{"start":{"line":75,"column":39},"end":{"line":77,"column":5}}},"7":{"name":"(anonymous_7)","decl":{"start":{"line":81,"column":10},"end":{"line":81,"column":22}},"loc":{"start":{"line":81,"column":22},"end":{"line":87,"column":3}}}},"branchMap":{"0":{"loc":{"start":{"line":29,"column":6},"end":{"line":32,"column":18}},"type":"binary-expr","locations":[{"start":{"line":29,"column":6},"end":{"line":29,"column":35}},{"start":{"line":30,"column":7},"end":{"line":32,"column":17}}]},"1":{"loc":{"start":{"line":30,"column":7},"end":{"line":32,"column":17}},"type":"cond-expr","locations":[{"start":{"line":31,"column":10},"end":{"line":31,"column":16}},{"start":{"line":32,"column":10},"end":{"line":32,"column":17}}]},"2":{"loc":{"start":{"line":33,"column":4},"end":{"line":37,"column":5}},"type":"if","locations":[{"start":{"line":33,"column":4},"end":{"line":37,"column":5}},{"start":{"line":35,"column":11},"end":{"line":37,"column":5}}]},"3":{"loc":{"start":{"line":41,"column":4},"end":{"line":45,"column":5}},"type":"if","locations":[{"start":{"line":41,"column":4},"end":{"line":45,"column":5}},{"start":{"line":43,"column":11},"end":{"line":45,"column":5}}]},"4":{"loc":{"start":{"line":82,"column":4},"end":{"line":86,"column":5}},"type":"if","locations":[{"start":{"line":82,"column":4},"end":{"line":86,"column":5}},{"start":{"line":84,"column":11},"end":{"line":86,"column":5}}]}},"s":{"0":8,"1":8,"2":8,"3":8,"4":8,"5":8,"6":8,"7":8,"8":8,"9":8,"10":8,"11":8,"12":8,"13":8,"14":1,"15":7,"16":2,"17":1,"18":1,"19":2,"20":2,"21":2,"22":2,"23":2,"24":2,"25":2,"26":2,"27":2,"28":6,"29":2,"30":8,"31":8,"32":8,"33":8,"34":8,"35":8,"36":8,"37":8,"38":8,"39":24,"40":8,"41":31,"42":16,"43":15,"44":1},"f":{"0":8,"1":8,"2":2,"3":2,"4":6,"5":8,"6":24,"7":31},"b":{"0":[8,7],"1":[7,0],"2":[1,7],"3":[1,1],"4":[16,15]}}
}
