TN:
SF:src\extensionsManager.ts
FN:23,(anonymous_1)
FN:29,(anonymous_2)
FN:30,(anonymous_3)
FN:36,(anonymous_4)
FN:42,(anonymous_5)
FN:50,(anonymous_6)
FN:51,(anonymous_7)
FN:57,(anonymous_8)
FN:63,(anonymous_9)
FN:77,(anonymous_10)
FN:86,(anonymous_11)
FN:116,(anonymous_12)
FN:118,(anonymous_13)
FN:119,(anonymous_14)
FN:126,(anonymous_15)
FN:130,(anonymous_16)
FN:131,(anonymous_17)
FNF:17
FNH:17
FNDA:11,(anonymous_1)
FNDA:11,(anonymous_2)
FNDA:2,(anonymous_3)
FNDA:5,(anonymous_4)
FNDA:2,(anonymous_5)
FNDA:11,(anonymous_6)
FNDA:2,(anonymous_7)
FNDA:3,(anonymous_8)
FNDA:23,(anonymous_9)
FNDA:16,(anonymous_10)
FNDA:152,(anonymous_11)
FNDA:23,(anonymous_12)
FNDA:152,(anonymous_13)
FNDA:1,(anonymous_14)
FNDA:23,(anonymous_15)
FNDA:152,(anonymous_16)
FNDA:1,(anonymous_17)
DA:1,1
DA:3,1
DA:5,1
DA:6,11
DA:7,11
DA:10,11
DA:13,11
DA:16,11
DA:19,11
DA:24,11
DA:25,11
DA:26,11
DA:30,11
DA:31,2
DA:32,2
DA:33,2
DA:34,2
DA:36,11
DA:37,5
DA:38,5
DA:39,5
DA:40,5
DA:42,11
DA:43,2
DA:44,2
DA:45,2
DA:46,2
DA:51,11
DA:52,2
DA:53,2
DA:58,3
DA:59,3
DA:60,3
DA:67,23
DA:68,23
DA:69,5
DA:70,18
DA:71,2
DA:74,23
DA:75,2
DA:78,16
DA:83,23
DA:84,23
DA:86,152
DA:112,23
DA:113,23
DA:117,23
DA:118,23
DA:119,152
DA:120,1
DA:121,1
DA:127,23
DA:130,23
DA:131,152
DA:132,1
DA:135,1
DA:136,1
LF:57
LH:57
BRDA:58,0,0,0
BRDA:59,1,0,0
BRDA:65,2,0,20
BRDA:68,3,0,5
BRDA:68,3,1,18
BRDA:70,4,0,2
BRDA:74,5,0,2
BRDA:78,6,0,16
BRDA:78,6,1,15
BRDA:103,7,0,151
BRDA:103,7,1,1
BRDA:133,8,0,1
BRDA:133,8,1,0
BRF:13
BRH:10
end_of_record
TN:
SF:src\themeManager.ts
FN:20,(anonymous_0)
FN:27,(anonymous_1)
FN:40,(anonymous_2)
FN:48,(anonymous_3)
FN:57,(anonymous_4)
FN:66,(anonymous_5)
FN:75,(anonymous_6)
FN:81,(anonymous_7)
FNF:8
FNH:8
FNDA:8,(anonymous_0)
FNDA:8,(anonymous_1)
FNDA:2,(anonymous_2)
FNDA:2,(anonymous_3)
FNDA:6,(anonymous_4)
FNDA:8,(anonymous_5)
FNDA:24,(anonymous_6)
FNDA:31,(anonymous_7)
DA:1,1
DA:2,8
DA:3,8
DA:4,8
DA:7,8
DA:10,8
DA:13,8
DA:14,8
DA:17,8
DA:21,8
DA:22,8
DA:23,8
DA:24,8
DA:29,8
DA:33,8
DA:34,1
DA:36,7
DA:41,2
DA:42,1
DA:44,1
DA:49,2
DA:50,2
DA:51,2
DA:52,2
DA:53,2
DA:54,2
DA:55,2
DA:56,2
DA:57,2
DA:58,6
DA:63,2
DA:67,8
DA:68,8
DA:69,8
DA:70,8
DA:71,8
DA:72,8
DA:73,8
DA:74,8
DA:75,8
DA:76,24
DA:78,8
DA:82,31
DA:83,16
DA:85,15
LF:45
LH:45
BRDA:29,0,0,8
BRDA:29,0,1,7
BRDA:30,1,0,7
BRDA:30,1,1,0
BRDA:33,2,0,1
BRDA:33,2,1,7
BRDA:41,3,0,1
BRDA:41,3,1,1
BRDA:82,4,0,16
BRDA:82,4,1,15
BRF:10
BRH:9
end_of_record
